<template>
  <div id="app">
    <Pev2 :plan-source="plan" plan-query="" />
  </div>
</template>

<script>
import { Plan as Pev2 } from 'pev2';
import 'pev2/dist/style.css';

export default {
  data() {
    return {
      plan: `[
    {
        "Execution Time": 729.957,
        "Plan": {
            "Actual Loops": 1,
            "Actual Rows": 460,
            "Actual Startup Time": 723.81,
            "Actual Total Time": 723.95,
            "Async Capable": false,
            "Local Dirtied Blocks": 0,
            "Local Hit Blocks": 0,
            "Local Read Blocks": 0,
            "Local Written Blocks": 0,
            "Node Type": "Sort",
            "Parallel Aware": false,
            "Plan Rows": 1,
            "Plan Width": 270,
            "Plans": [
                {
                    "Actual Loops": 1,
                    "Actual Rows": 460,
                    "Actual Startup Time": 652.866,
                    "Actual Total Time": 723.492,
                    "Async Capable": false,
                    "Inner Unique": false,
                    "Join Filter": "(partsupp.ps_supplycost = (SubPlan 1))",
                    "Join Type": "Inner",
                    "Local Dirtied Blocks": 0,
                    "Local Hit Blocks": 0,
                    "Local Read Blocks": 0,
                    "Local Written Blocks": 0,
                    "Merge Cond": "(part.p_partkey = partsupp.ps_partkey)",
                    "Node Type": "Merge Join",
                    "Parallel Aware": false,
                    "Parent Relationship": "Outer",
                    "Plan Rows": 1,
                    "Plan Width": 270,
                    "Plans": [
                        {
                            "Actual Loops": 1,
                            "Actual Rows": 747,
                            "Actual Startup Time": 267.243,
                            "Actual Total Time": 267.566,
                            "Async Capable": false,
                            "Local Dirtied Blocks": 0,
                            "Local Hit Blocks": 0,
                            "Local Read Blocks": 0,
                            "Local Written Blocks": 0,
                            "Node Type": "Gather Merge",
                            "Parallel Aware": false,
                            "Parent Relationship": "Outer",
                            "Plan Rows": 860,
                            "Plan Width": 30,
                            "Plans": [
                                {
                                    "Actual Loops": 3,
                                    "Actual Rows": 249,
                                    "Actual Startup Time": 0.827,
                                    "Actual Total Time": 81.169,
                                    "Alias": "part",
                                    "Async Capable": false,
                                    "Filter": "(((p_type)::text ~~ '%BRASS'::text) AND (p_size = 15))",
                                    "Index Name": "part_pkey",
                                    "Local Dirtied Blocks": 0,
                                    "Local Hit Blocks": 0,
                                    "Local Read Blocks": 0,
                                    "Local Written Blocks": 0,
                                    "Node Type": "Index Scan",
                                    "Parallel Aware": true,
                                    "Parent Relationship": "Outer",
                                    "Plan Rows": 358,
                                    "Plan Width": 30,
                                    "Relation Name": "part",
                                    "Rows Removed by Filter": 66418,
                                    "Scan Direction": "Forward",
                                    "Shared Dirtied Blocks": 0,
                                    "Shared Hit Blocks": 5492,
                                    "Shared Read Blocks": 0,
                                    "Shared Written Blocks": 0,
                                    "Startup Cost": 0.42,
                                    "Temp Read Blocks": 0,
                                    "Temp Written Blocks": 0,
                                    "Total Cost": 8977.42,
                                    "WAL Bytes": 0,
                                    "WAL FPI": 0,
                                    "WAL Records": 0,
                                    "Workers": []
                                }
                            ],
                            "Shared Dirtied Blocks": 0,
                            "Shared Hit Blocks": 5492,
                            "Shared Read Blocks": 0,
                            "Shared Written Blocks": 0,
                            "Startup Cost": 1000.44,
                            "Temp Read Blocks": 0,
                            "Temp Written Blocks": 0,
                            "Total Cost": 10076.71,
                            "WAL Bytes": 0,
                            "WAL FPI": 0,
                            "WAL Records": 0,
                            "Workers Launched": 2,
                            "Workers Planned": 2
                        },
                        {
                            "Actual Loops": 1,
                            "Actual Rows": 158755,
                            "Actual Startup Time": 385.412,
                            "Actual Total Time": 425.473,
                            "Async Capable": false,
                            "Local Dirtied Blocks": 0,
                            "Local Hit Blocks": 0,
                            "Local Read Blocks": 0,
                            "Local Written Blocks": 0,
                            "Node Type": "Sort",
                            "Parallel Aware": false,
                            "Parent Relationship": "Inner",
                            "Plan Rows": 4706,
                            "Plan Width": 250,
                            "Plans": [
                                {
                                    "Actual Loops": 1,
                                    "Actual Rows": 158960,
                                    "Actual Startup Time": 16.33,
                                    "Actual Total Time": 204.518,
                                    "Async Capable": false,
                                    "Local Dirtied Blocks": 0,
                                    "Local Hit Blocks": 0,
                                    "Local Read Blocks": 0,
                                    "Local Written Blocks": 0,
                                    "Node Type": "Gather",
                                    "Parallel Aware": false,
                                    "Parent Relationship": "Outer",
                                    "Plan Rows": 4706,
                                    "Plan Width": 250,
                                    "Plans": [
                                        {
                                            "Actual Loops": 3,
                                            "Actual Rows": 52987,
                                            "Actual Startup Time": 8.881,
                                            "Actual Total Time": 145.84,
                                            "Async Capable": false,
                                            "Hash Cond": "(partsupp.ps_suppkey = supplier.s_suppkey)",
                                            "Inner Unique": false,
                                            "Join Type": "Inner",
                                            "Local Dirtied Blocks": 0,
                                            "Local Hit Blocks": 0,
                                            "Local Read Blocks": 0,
                                            "Local Written Blocks": 0,
                                            "Node Type": "Hash Join",
                                            "Parallel Aware": false,
                                            "Parent Relationship": "Outer",
                                            "Plan Rows": 1961,
                                            "Plan Width": 250,
                                            "Plans": [
                                                {
                                                    "Actual Loops": 3,
                                                    "Actual Rows": 266667,
                                                    "Actual Startup Time": 0.394,
                                                    "Actual Total Time": 74.807,
                                                    "Alias": "partsupp",
                                                    "Async Capable": false,
                                                    "Local Dirtied Blocks": 0,
                                                    "Local Hit Blocks": 0,
                                                    "Local Read Blocks": 0,
                                                    "Local Written Blocks": 0,
                                                    "Node Type": "Seq Scan",
                                                    "Parallel Aware": true,
                                                    "Parent Relationship": "Outer",
                                                    "Plan Rows": 333333,
                                                    "Plan Width": 14,
                                                    "Relation Name": "partsupp",
                                                    "Shared Dirtied Blocks": 0,
                                                    "Shared Hit Blocks": 2945,
                                                    "Shared Read Blocks": 14607,
                                                    "Shared Written Blocks": 0,
                                                    "Startup Cost": 0.0,
                                                    "Temp Read Blocks": 0,
                                                    "Temp Written Blocks": 0,
                                                    "Total Cost": 20885.33,
                                                    "WAL Bytes": 0,
                                                    "WAL FPI": 0,
                                                    "WAL Records": 0,
                                                    "Workers": []
                                                },
                                                {
                                                    "Actual Loops": 3,
                                                    "Actual Rows": 1987,
                                                    "Actual Startup Time": 8.31,
                                                    "Actual Total Time": 8.313,
                                                    "Async Capable": false,
                                                    "Hash Batches": 1,
                                                    "Hash Buckets": 2048,
                                                    "Local Dirtied Blocks": 0,
                                                    "Local Hit Blocks": 0,
                                                    "Local Read Blocks": 0,
                                                    "Local Written Blocks": 0,
                                                    "Node Type": "Hash",
                                                    "Original Hash Batches": 1,
                                                    "Original Hash Buckets": 1024,
                                                    "Parallel Aware": false,
                                                    "Parent Relationship": "Inner",
                                                    "Peak Memory Usage": 409,
                                                    "Plan Rows": 59,
                                                    "Plan Width": 244,
                                                    "Plans": [
                                                        {
                                                            "Actual Loops": 3,
                                                            "Actual Rows": 1987,
                                                            "Actual Startup Time": 1.042,
                                                            "Actual Total Time": 6.936,
                                                            "Async Capable": false,
                                                            "Hash Cond": "(supplier.s_nationkey = nation.n_nationkey)",
                                                            "Inner Unique": false,
                                                            "Join Type": "Inner",
                                                            "Local Dirtied Blocks": 0,
                                                            "Local Hit Blocks": 0,
                                                            "Local Read Blocks": 0,
                                                            "Local Written Blocks": 0,
                                                            "Node Type": "Hash Join",
                                                            "Parallel Aware": false,
                                                            "Parent Relationship": "Outer",
                                                            "Plan Rows": 59,
                                                            "Plan Width": 244,
                                                            "Plans": [
                                                                {
                                                                    "Actual Loops": 3,
                                                                    "Actual Rows": 10000,
                                                                    "Actual Startup Time": 0.333,
                                                                    "Actual Total Time": 2.489,
                                                                    "Alias": "supplier",
                                                                    "Async Capable": false,
                                                                    "Local Dirtied Blocks": 0,
                                                                    "Local Hit Blocks": 0,
                                                                    "Local Read Blocks": 0,
                                                                    "Local Written Blocks": 0,
                                                                    "Node Type": "Seq Scan",
                                                                    "Parallel Aware": false,
                                                                    "Parent Relationship": "Outer",
                                                                    "Plan Rows": 10000,
                                                                    "Plan Width": 144,
                                                                    "Relation Name": "supplier",
                                                                    "Shared Dirtied Blocks": 0,
                                                                    "Shared Hit Blocks": 669,
                                                                    "Shared Read Blocks": 0,
                                                                    "Shared Written Blocks": 0,
                                                                    "Startup Cost": 0.0,
                                                                    "Temp Read Blocks": 0,
                                                                    "Temp Written Blocks": 0,
                                                                    "Total Cost": 323.0,
                                                                    "WAL Bytes": 0,
                                                                    "WAL FPI": 0,
                                                                    "WAL Records": 0,
                                                                    "Workers": []
                                                                },
                                                                {
                                                                    "Actual Loops": 3,
                                                                    "Actual Rows": 5,
                                                                    "Actual Startup Time": 0.68,
                                                                    "Actual Total Time": 0.682,
                                                                    "Async Capable": false,
                                                                    "Hash Batches": 1,
                                                                    "Hash Buckets": 1024,
                                                                    "Local Dirtied Blocks": 0,
                                                                    "Local Hit Blocks": 0,
                                                                    "Local Read Blocks": 0,
                                                                    "Local Written Blocks": 0,
                                                                    "Node Type": "Hash",
                                                                    "Original Hash Batches": 1,
                                                                    "Original Hash Buckets": 1024,
                                                                    "Parallel Aware": false,
                                                                    "Parent Relationship": "Inner",
                                                                    "Peak Memory Usage": 9,
                                                                    "Plan Rows": 1,
                                                                    "Plan Width": 108,
                                                                    "Plans": [
                                                                        {
                                                                            "Actual Loops": 3,
                                                                            "Actual Rows": 5,
                                                                            "Actual Startup Time": 0.656,
                                                                            "Actual Total Time": 0.668,
                                                                            "Async Capable": false,
                                                                            "Hash Cond": "(nation.n_regionkey = region.r_regionkey)",
                                                                            "Inner Unique": true,
                                                                            "Join Type": "Inner",
                                                                            "Local Dirtied Blocks": 0,
                                                                            "Local Hit Blocks": 0,
                                                                            "Local Read Blocks": 0,
                                                                            "Local Written Blocks": 0,
                                                                            "Node Type": "Hash Join",
                                                                            "Parallel Aware": false,
                                                                            "Parent Relationship": "Outer",
                                                                            "Plan Rows": 1,
                                                                            "Plan Width": 108,
                                                                            "Plans": [
                                                                                {
                                                                                    "Actual Loops": 3,
                                                                                    "Actual Rows": 25,
                                                                                    "Actual Startup Time": 0.309,
                                                                                    "Actual Total Time": 0.313,
                                                                                    "Alias": "nation",
                                                                                    "Async Capable": false,
                                                                                    "Local Dirtied Blocks": 0,
                                                                                    "Local Hit Blocks": 0,
                                                                                    "Local Read Blocks": 0,
                                                                                    "Local Written Blocks": 0,
                                                                                    "Node Type": "Seq Scan",
                                                                                    "Parallel Aware": false,
                                                                                    "Parent Relationship": "Outer",
                                                                                    "Plan Rows": 170,
                                                                                    "Plan Width": 112,
                                                                                    "Relation Name": "nation",
                                                                                    "Shared Dirtied Blocks": 0,
                                                                                    "Shared Hit Blocks": 3,
                                                                                    "Shared Read Blocks": 0,
                                                                                    "Shared Written Blocks": 0,
                                                                                    "Startup Cost": 0.0,
                                                                                    "Temp Read Blocks": 0,
                                                                                    "Temp Written Blocks": 0,
                                                                                    "Total Cost": 11.7,
                                                                                    "WAL Bytes": 0,
                                                                                    "WAL FPI": 0,
                                                                                    "WAL Records": 0,
                                                                                    "Workers": []
                                                                                },
                                                                                {
                                                                                    "Actual Loops": 3,
                                                                                    "Actual Rows": 1,
                                                                                    "Actual Startup Time": 0.317,
                                                                                    "Actual Total Time": 0.318,
                                                                                    "Async Capable": false,
                                                                                    "Hash Batches": 1,
                                                                                    "Hash Buckets": 1024,
                                                                                    "Local Dirtied Blocks": 0,
                                                                                    "Local Hit Blocks": 0,
                                                                                    "Local Read Blocks": 0,
                                                                                    "Local Written Blocks": 0,
                                                                                    "Node Type": "Hash",
                                                                                    "Original Hash Batches": 1,
                                                                                    "Original Hash Buckets": 1024,
                                                                                    "Parallel Aware": false,
                                                                                    "Parent Relationship": "Inner",
                                                                                    "Peak Memory Usage": 9,
                                                                                    "Plan Rows": 1,
                                                                                    "Plan Width": 4,
                                                                                    "Plans": [
                                                                                        {
                                                                                            "Actual Loops": 3,
                                                                                            "Actual Rows": 1,
                                                                                            "Actual Startup Time": 0.302,
                                                                                            "Actual Total Time": 0.304,
                                                                                            "Alias": "region",
                                                                                            "Async Capable": false,
                                                                                            "Filter": "(r_name = 'EUROPE'::bpchar)",
                                                                                            "Local Dirtied Blocks": 0,
                                                                                            "Local Hit Blocks": 0,
                                                                                            "Local Read Blocks": 0,
                                                                                            "Local Written Blocks": 0,
                                                                                            "Node Type": "Seq Scan",
                                                                                            "Parallel Aware": false,
                                                                                            "Parent Relationship": "Outer",
                                                                                            "Plan Rows": 1,
                                                                                            "Plan Width": 4,
                                                                                            "Relation Name": "region",
                                                                                            "Rows Removed by Filter": 4,
                                                                                            "Shared Dirtied Blocks": 0,
                                                                                            "Shared Hit Blocks": 3,
                                                                                            "Shared Read Blocks": 0,
                                                                                            "Shared Written Blocks": 0,
                                                                                            "Startup Cost": 0.0,
                                                                                            "Temp Read Blocks": 0,
                                                                                            "Temp Written Blocks": 0,
                                                                                            "Total Cost": 12.12,
                                                                                            "WAL Bytes": 0,
                                                                                            "WAL FPI": 0,
                                                                                            "WAL Records": 0,
                                                                                            "Workers": []
                                                                                        }
                                                                                    ],
                                                                                    "Shared Dirtied Blocks": 0,
                                                                                    "Shared Hit Blocks": 3,
                                                                                    "Shared Read Blocks": 0,
                                                                                    "Shared Written Blocks": 0,
                                                                                    "Startup Cost": 12.12,
                                                                                    "Temp Read Blocks": 0,
                                                                                    "Temp Written Blocks": 0,
                                                                                    "Total Cost": 12.12,
                                                                                    "WAL Bytes": 0,
                                                                                    "WAL FPI": 0,
                                                                                    "WAL Records": 0,
                                                                                    "Workers": []
                                                                                }
                                                                            ],
                                                                            "Shared Dirtied Blocks": 0,
                                                                            "Shared Hit Blocks": 6,
                                                                            "Shared Read Blocks": 0,
                                                                            "Shared Written Blocks": 0,
                                                                            "Startup Cost": 12.14,
                                                                            "Temp Read Blocks": 0,
                                                                            "Temp Written Blocks": 0,
                                                                            "Total Cost": 24.29,
                                                                            "WAL Bytes": 0,
                                                                            "WAL FPI": 0,
                                                                            "WAL Records": 0,
                                                                            "Workers": []
                                                                        }
                                                                    ],
                                                                    "Shared Dirtied Blocks": 0,
                                                                    "Shared Hit Blocks": 6,
                                                                    "Shared Read Blocks": 0,
                                                                    "Shared Written Blocks": 0,
                                                                    "Startup Cost": 24.29,
                                                                    "Temp Read Blocks": 0,
                                                                    "Temp Written Blocks": 0,
                                                                    "Total Cost": 24.29,
                                                                    "WAL Bytes": 0,
                                                                    "WAL FPI": 0,
                                                                    "WAL Records": 0,
                                                                    "Workers": []
                                                                }
                                                            ],
                                                            "Shared Dirtied Blocks": 0,
                                                            "Shared Hit Blocks": 675,
                                                            "Shared Read Blocks": 0,
                                                            "Shared Written Blocks": 0,
                                                            "Startup Cost": 24.31,
                                                            "Temp Read Blocks": 0,
                                                            "Temp Written Blocks": 0,
                                                            "Total Cost": 385.4,
                                                            "WAL Bytes": 0,
                                                            "WAL FPI": 0,
                                                            "WAL Records": 0,
                                                            "Workers": []
                                                        }
                                                    ],
                                                    "Shared Dirtied Blocks": 0,
                                                    "Shared Hit Blocks": 675,
                                                    "Shared Read Blocks": 0,
                                                    "Shared Written Blocks": 0,
                                                    "Startup Cost": 385.4,
                                                    "Temp Read Blocks": 0,
                                                    "Temp Written Blocks": 0,
                                                    "Total Cost": 385.4,
                                                    "WAL Bytes": 0,
                                                    "WAL FPI": 0,
                                                    "WAL Records": 0,
                                                    "Workers": []
                                                }
                                            ],
                                            "Shared Dirtied Blocks": 0,
                                            "Shared Hit Blocks": 3812,
                                            "Shared Read Blocks": 14607,
                                            "Shared Written Blocks": 0,
                                            "Startup Cost": 386.13,
                                            "Temp Read Blocks": 0,
                                            "Temp Written Blocks": 0,
                                            "Total Cost": 22541.14,
                                            "WAL Bytes": 0,
                                            "WAL FPI": 0,
                                            "WAL Records": 0,
                                            "Workers": []
                                        }
                                    ],
                                    "Shared Dirtied Blocks": 0,
                                    "Shared Hit Blocks": 3812,
                                    "Shared Read Blocks": 14607,
                                    "Shared Written Blocks": 0,
                                    "Single Copy": false,
                                    "Startup Cost": 1386.13,
                                    "Temp Read Blocks": 0,
                                    "Temp Written Blocks": 0,
                                    "Total Cost": 24011.74,
                                    "WAL Bytes": 0,
                                    "WAL FPI": 0,
                                    "WAL Records": 0,
                                    "Workers Launched": 2,
                                    "Workers Planned": 2
                                }
                            ],
                            "Shared Dirtied Blocks": 0,
                            "Shared Hit Blocks": 3812,
                            "Shared Read Blocks": 14607,
                            "Shared Written Blocks": 0,
                            "Sort Key": [
                                "partsupp.ps_partkey"
                            ],
                            "Sort Method": "external sort",
                            "Sort Space Type": "Disk",
                            "Sort Space Used": 29720,
                            "Startup Cost": 24298.81,
                            "Temp Read Blocks": 7422,
                            "Temp Written Blocks": 7435,
                            "Total Cost": 24310.57,
                            "WAL Bytes": 0,
                            "WAL FPI": 0,
                            "WAL Records": 0
                        },
                        {
                            "Actual Loops": 642,
                            "Actual Rows": 1,
                            "Actual Startup Time": 0.022,
                            "Actual Total Time": 0.022,
                            "Async Capable": false,
                            "Local Dirtied Blocks": 0,
                            "Local Hit Blocks": 0,
                            "Local Read Blocks": 0,
                            "Local Written Blocks": 0,
                            "Node Type": "Aggregate",
                            "Parallel Aware": false,
                            "Parent Relationship": "SubPlan",
                            "Partial Mode": "Simple",
                            "Plan Rows": 1,
                            "Plan Width": 32,
                            "Plans": [
                                {
                                    "Actual Loops": 642,
                                    "Actual Rows": 2,
                                    "Actual Startup Time": 0.013,
                                    "Actual Total Time": 0.021,
                                    "Async Capable": false,
                                    "Inner Unique": true,
                                    "Join Type": "Inner",
                                    "Local Dirtied Blocks": 0,
                                    "Local Hit Blocks": 0,
                                    "Local Read Blocks": 0,
                                    "Local Written Blocks": 0,
                                    "Node Type": "Nested Loop",
                                    "Parallel Aware": false,
                                    "Parent Relationship": "Outer",
                                    "Plan Rows": 1,
                                    "Plan Width": 6,
                                    "Plans": [
                                        {
                                            "Actual Loops": 642,
                                            "Actual Rows": 4,
                                            "Actual Startup Time": 0.009,
                                            "Actual Total Time": 0.019,
                                            "Async Capable": false,
                                            "Inner Unique": true,
                                            "Join Type": "Inner",
                                            "Local Dirtied Blocks": 0,
                                            "Local Hit Blocks": 0,
                                            "Local Read Blocks": 0,
                                            "Local Written Blocks": 0,
                                            "Node Type": "Nested Loop",
                                            "Parallel Aware": false,
                                            "Parent Relationship": "Outer",
                                            "Plan Rows": 4,
                                            "Plan Width": 10,
                                            "Plans": [
                                                {
                                                    "Actual Loops": 642,
                                                    "Actual Rows": 4,
                                                    "Actual Startup Time": 0.008,
                                                    "Actual Total Time": 0.015,
                                                    "Async Capable": false,
                                                    "Inner Unique": true,
                                                    "Join Type": "Inner",
                                                    "Local Dirtied Blocks": 0,
                                                    "Local Hit Blocks": 0,
                                                    "Local Read Blocks": 0,
                                                    "Local Written Blocks": 0,
                                                    "Node Type": "Nested Loop",
                                                    "Parallel Aware": false,
                                                    "Parent Relationship": "Outer",
                                                    "Plan Rows": 4,
                                                    "Plan Width": 10,
                                                    "Plans": [
                                                        {
                                                            "Actual Loops": 642,
                                                            "Actual Rows": 4,
                                                            "Actual Startup Time": 0.006,
                                                            "Actual Total Time": 0.007,
                                                            "Alias": "partsupp_1",
                                                            "Async Capable": false,
                                                            "Index Cond": "(ps_partkey = part.p_partkey)",
                                                            "Index Name": "partsupp_pkey",
                                                            "Local Dirtied Blocks": 0,
                                                            "Local Hit Blocks": 0,
                                                            "Local Read Blocks": 0,
                                                            "Local Written Blocks": 0,
                                                            "Node Type": "Index Scan",
                                                            "Parallel Aware": false,
                                                            "Parent Relationship": "Outer",
                                                            "Plan Rows": 4,
                                                            "Plan Width": 10,
                                                            "Relation Name": "partsupp",
                                                            "Rows Removed by Index Recheck": 0,
                                                            "Scan Direction": "Forward",
                                                            "Shared Dirtied Blocks": 0,
                                                            "Shared Hit Blocks": 2629,
                                                            "Shared Read Blocks": 0,
                                                            "Shared Written Blocks": 0,
                                                            "Startup Cost": 0.42,
                                                            "Temp Read Blocks": 0,
                                                            "Temp Written Blocks": 0,
                                                            "Total Cost": 13.75,
                                                            "WAL Bytes": 0,
                                                            "WAL FPI": 0,
                                                            "WAL Records": 0
                                                        },
                                                        {
                                                            "Actual Loops": 2568,
                                                            "Actual Rows": 1,
                                                            "Actual Startup Time": 0.002,
                                                            "Actual Total Time": 0.002,
                                                            "Alias": "supplier_1",
                                                            "Async Capable": false,
                                                            "Index Cond": "(s_suppkey = partsupp_1.ps_suppkey)",
                                                            "Index Name": "supplier_pkey",
                                                            "Local Dirtied Blocks": 0,
                                                            "Local Hit Blocks": 0,
                                                            "Local Read Blocks": 0,
                                                            "Local Written Blocks": 0,
                                                            "Node Type": "Index Scan",
                                                            "Parallel Aware": false,
                                                            "Parent Relationship": "Inner",
                                                            "Plan Rows": 1,
                                                            "Plan Width": 8,
                                                            "Relation Name": "supplier",
                                                            "Rows Removed by Index Recheck": 0,
                                                            "Scan Direction": "Forward",
                                                            "Shared Dirtied Blocks": 0,
                                                            "Shared Hit Blocks": 7704,
                                                            "Shared Read Blocks": 0,
                                                            "Shared Written Blocks": 0,
                                                            "Startup Cost": 0.29,
                                                            "Temp Read Blocks": 0,
                                                            "Temp Written Blocks": 0,
                                                            "Total Cost": 8.3,
                                                            "WAL Bytes": 0,
                                                            "WAL FPI": 0,
                                                            "WAL Records": 0
                                                        }
                                                    ],
                                                    "Shared Dirtied Blocks": 0,
                                                    "Shared Hit Blocks": 10333,
                                                    "Shared Read Blocks": 0,
                                                    "Shared Written Blocks": 0,
                                                    "Startup Cost": 0.71,
                                                    "Temp Read Blocks": 0,
                                                    "Temp Written Blocks": 0,
                                                    "Total Cost": 46.96,
                                                    "WAL Bytes": 0,
                                                    "WAL FPI": 0,
                                                    "WAL Records": 0
                                                },
                                                {
                                                    "Actual Loops": 2568,
                                                    "Actual Rows": 1,
                                                    "Actual Startup Time": 0.001,
                                                    "Actual Total Time": 0.001,
                                                    "Alias": "nation_1",
                                                    "Async Capable": false,
                                                    "Index Cond": "(n_nationkey = supplier_1.s_nationkey)",
                                                    "Index Name": "nation_pkey",
                                                    "Local Dirtied Blocks": 0,
                                                    "Local Hit Blocks": 0,
                                                    "Local Read Blocks": 0,
                                                    "Local Written Blocks": 0,
                                                    "Node Type": "Index Scan",
                                                    "Parallel Aware": false,
                                                    "Parent Relationship": "Inner",
                                                    "Plan Rows": 1,
                                                    "Plan Width": 8,
                                                    "Relation Name": "nation",
                                                    "Rows Removed by Index Recheck": 0,
                                                    "Scan Direction": "Forward",
                                                    "Shared Dirtied Blocks": 0,
                                                    "Shared Hit Blocks": 5136,
                                                    "Shared Read Blocks": 0,
                                                    "Shared Written Blocks": 0,
                                                    "Startup Cost": 0.14,
                                                    "Temp Read Blocks": 0,
                                                    "Temp Written Blocks": 0,
                                                    "Total Cost": 0.17,
                                                    "WAL Bytes": 0,
                                                    "WAL FPI": 0,
                                                    "WAL Records": 0
                                                }
                                            ],
                                            "Shared Dirtied Blocks": 0,
                                            "Shared Hit Blocks": 15469,
                                            "Shared Read Blocks": 0,
                                            "Shared Written Blocks": 0,
                                            "Startup Cost": 0.85,
                                            "Temp Read Blocks": 0,
                                            "Temp Written Blocks": 0,
                                            "Total Cost": 47.63,
                                            "WAL Bytes": 0,
                                            "WAL FPI": 0,
                                            "WAL Records": 0
                                        },
                                        {
                                            "Actual Loops": 2568,
                                            "Actual Rows": 0,
                                            "Actual Startup Time": 0.0,
                                            "Actual Total Time": 0.0,
                                            "Async Capable": false,
                                            "Cache Evictions": 0,
                                            "Cache Hits": 2563,
                                            "Cache Key": "nation_1.n_regionkey",
                                            "Cache Misses": 5,
                                            "Cache Mode": "logical",
                                            "Cache Overflows": 0,
                                            "Local Dirtied Blocks": 0,
                                            "Local Hit Blocks": 0,
                                            "Local Read Blocks": 0,
                                            "Local Written Blocks": 0,
                                            "Node Type": "Memoize",
                                            "Parallel Aware": false,
                                            "Parent Relationship": "Inner",
                                            "Peak Memory Usage": 1,
                                            "Plan Rows": 1,
                                            "Plan Width": 4,
                                            "Plans": [
                                                {
                                                    "Actual Loops": 5,
                                                    "Actual Rows": 0,
                                                    "Actual Startup Time": 0.003,
                                                    "Actual Total Time": 0.003,
                                                    "Alias": "region_1",
                                                    "Async Capable": false,
                                                    "Filter": "(r_name = 'EUROPE'::bpchar)",
                                                    "Index Cond": "(r_regionkey = nation_1.n_regionkey)",
                                                    "Index Name": "region_pkey",
                                                    "Local Dirtied Blocks": 0,
                                                    "Local Hit Blocks": 0,
                                                    "Local Read Blocks": 0,
                                                    "Local Written Blocks": 0,
                                                    "Node Type": "Index Scan",
                                                    "Parallel Aware": false,
                                                    "Parent Relationship": "Outer",
                                                    "Plan Rows": 1,
                                                    "Plan Width": 4,
                                                    "Relation Name": "region",
                                                    "Rows Removed by Filter": 1,
                                                    "Rows Removed by Index Recheck": 0,
                                                    "Scan Direction": "Forward",
                                                    "Shared Dirtied Blocks": 0,
                                                    "Shared Hit Blocks": 10,
                                                    "Shared Read Blocks": 0,
                                                    "Shared Written Blocks": 0,
                                                    "Startup Cost": 0.14,
                                                    "Temp Read Blocks": 0,
                                                    "Temp Written Blocks": 0,
                                                    "Total Cost": 0.45,
                                                    "WAL Bytes": 0,
                                                    "WAL FPI": 0,
                                                    "WAL Records": 0
                                                }
                                            ],
                                            "Shared Dirtied Blocks": 0,
                                            "Shared Hit Blocks": 10,
                                            "Shared Read Blocks": 0,
                                            "Shared Written Blocks": 0,
                                            "Startup Cost": 0.15,
                                            "Temp Read Blocks": 0,
                                            "Temp Written Blocks": 0,
                                            "Total Cost": 0.46,
                                            "WAL Bytes": 0,
                                            "WAL FPI": 0,
                                            "WAL Records": 0
                                        }
                                    ],
                                    "Shared Dirtied Blocks": 0,
                                    "Shared Hit Blocks": 15479,
                                    "Shared Read Blocks": 0,
                                    "Shared Written Blocks": 0,
                                    "Startup Cost": 1.01,
                                    "Temp Read Blocks": 0,
                                    "Temp Written Blocks": 0,
                                    "Total Cost": 49.51,
                                    "WAL Bytes": 0,
                                    "WAL FPI": 0,
                                    "WAL Records": 0
                                }
                            ],
                            "Shared Dirtied Blocks": 0,
                            "Shared Hit Blocks": 15479,
                            "Shared Read Blocks": 0,
                            "Shared Written Blocks": 0,
                            "Startup Cost": 49.51,
                            "Strategy": "Plain",
                            "Subplan Name": "SubPlan 1",
                            "Temp Read Blocks": 0,
                            "Temp Written Blocks": 0,
                            "Total Cost": 49.52,
                            "WAL Bytes": 0,
                            "WAL FPI": 0,
                            "WAL Records": 0
                        }
                    ],
                    "Rows Removed by Join Filter": 182,
                    "Shared Dirtied Blocks": 0,
                    "Shared Hit Blocks": 24783,
                    "Shared Read Blocks": 14607,
                    "Shared Written Blocks": 0,
                    "Startup Cost": 25299.25,
                    "Temp Read Blocks": 7422,
                    "Temp Written Blocks": 7435,
                    "Total Cost": 35391.92,
                    "WAL Bytes": 0,
                    "WAL FPI": 0,
                    "WAL Records": 0
                }
            ],
            "Shared Dirtied Blocks": 0,
            "Shared Hit Blocks": 24789,
            "Shared Read Blocks": 14607,
            "Shared Written Blocks": 0,
            "Sort Key": [
                "supplier.s_acctbal DESC",
                "nation.n_name",
                "supplier.s_name",
                "part.p_partkey"
            ],
            "Sort Method": "quicksort",
            "Sort Space Type": "Memory",
            "Sort Space Used": 125,
            "Startup Cost": 35391.93,
            "Temp Read Blocks": 7422,
            "Temp Written Blocks": 7435,
            "Total Cost": 35391.93,
            "WAL Bytes": 0,
            "WAL FPI": 0,
            "WAL Records": 0
        },
        "Planning": {
            "Local Dirtied Blocks": 0,
            "Local Hit Blocks": 0,
            "Local Read Blocks": 0,
            "Local Written Blocks": 0,
            "Shared Dirtied Blocks": 0,
            "Shared Hit Blocks": 310,
            "Shared Read Blocks": 0,
            "Shared Written Blocks": 0,
            "Temp Read Blocks": 0,
            "Temp Written Blocks": 0
        },
        "Planning Time": 29.689,
        "Settings": {},
        "Triggers": []
    }
]`,
    };
  },
  components: {
    Pev2,
  },
};
</script>

<style>
#app {
  font-family: Avenir, Helvetica, Arial, sans-serif;
  text-align: center;
  color: #2c3e50;
  margin-top: 60px;
}
</style>
