[
    {
        "Plan": {
            "Node Type": "Sort",
            "Parallel Aware": false,
            "Async Capable": false,
            "Startup Cost": 52774.76,
            "Total Cost": 52774.77,
            "Plan Rows": 1,
            "Plan Width": 270,
            "Actual Startup Time": 682.17,
            "Actual Total Time": 682.306,
            "Actual Rows": 460,
            "Actual Loops": 1,
            "Sort Key": [
                "supplier.s_acctbal DESC",
                "nation.n_name",
                "supplier.s_name",
                "part.p_partkey"
            ],
            "Sort Method": "quicksort",
            "Sort Space Used": 125,
            "Sort Space Type": "Memory",
            "Shared Hit Blocks": 27364,
            "Shared Read Blocks": 29546,
            "Shared Dirtied Blocks": 0,
            "Shared Written Blocks": 0,
            "Local Hit Blocks": 0,
            "Local Read Blocks": 0,
            "Local Dirtied Blocks": 0,
            "Local Written Blocks": 0,
            "Temp Read Blocks": 7426,
            "Temp Written Blocks": 7439,
            "WAL Records": 0,
            "WAL FPI": 0,
            "WAL Bytes": 0,
            "Plans": [
                {
                    "Node Type": "Merge Join",
                    "Parent Relationship": "Outer",
                    "Parallel Aware": false,
                    "Async Capable": false,
                    "Join Type": "Inner",
                    "Startup Cost": 42848.44,
                    "Total Cost": 52774.75,
                    "Plan Rows": 1,
                    "Plan Width": 270,
                    "Actual Startup Time": 550.921,
                    "Actual Total Time": 681.806,
                    "Actual Rows": 460,
                    "Actual Loops": 1,
                    "Inner Unique": false,
                    "Merge Cond": "(part.p_partkey = partsupp.ps_partkey)",
                    "Join Filter": "(partsupp.ps_supplycost = (SubPlan 1))",
                    "Rows Removed by Join Filter": 182,
                    "Shared Hit Blocks": 27358,
                    "Shared Read Blocks": 29546,
                    "Shared Dirtied Blocks": 0,
                    "Shared Written Blocks": 0,
                    "Local Hit Blocks": 0,
                    "Local Read Blocks": 0,
                    "Local Dirtied Blocks": 0,
                    "Local Written Blocks": 0,
                    "Temp Read Blocks": 7426,
                    "Temp Written Blocks": 7439,
                    "WAL Records": 0,
                    "WAL FPI": 0,
                    "WAL Bytes": 0,
                    "Plans": [
                        {
                            "Node Type": "Gather Merge",
                            "Parent Relationship": "Outer",
                            "Parallel Aware": false,
                            "Async Capable": false,
                            "Startup Cost": 1000.44,
                            "Total Cost": 10059.26,
                            "Plan Rows": 704,
                            "Plan Width": 30,
                            "Actual Startup Time": 213.091,
                            "Actual Total Time": 213.421,
                            "Actual Rows": 747,
                            "Actual Loops": 1,
                            "Workers Planned": 2,
                            "Workers Launched": 2,
                            "Shared Hit Blocks": 975,
                            "Shared Read Blocks": 4496,
                            "Shared Dirtied Blocks": 0,
                            "Shared Written Blocks": 0,
                            "Local Hit Blocks": 0,
                            "Local Read Blocks": 0,
                            "Local Dirtied Blocks": 0,
                            "Local Written Blocks": 0,
                            "Temp Read Blocks": 0,
                            "Temp Written Blocks": 0,
                            "WAL Records": 0,
                            "WAL FPI": 0,
                            "WAL Bytes": 0,
                            "Plans": [
                                {
                                    "Node Type": "Index Scan",
                                    "Parent Relationship": "Outer",
                                    "Parallel Aware": true,
                                    "Async Capable": false,
                                    "Scan Direction": "Forward",
                                    "Index Name": "part_pkey",
                                    "Relation Name": "part",
                                    "Alias": "part",
                                    "Startup Cost": 0.42,
                                    "Total Cost": 8977.98,
                                    "Plan Rows": 293,
                                    "Plan Width": 30,
                                    "Actual Startup Time": 1.54,
                                    "Actual Total Time": 161.534,
                                    "Actual Rows": 249,
                                    "Actual Loops": 3,
                                    "Filter": "(((p_type)::text ~~ '%BRASS'::text) AND (p_size = 15))",
                                    "Rows Removed by Filter": 66418,
                                    "Shared Hit Blocks": 975,
                                    "Shared Read Blocks": 4496,
                                    "Shared Dirtied Blocks": 0,
                                    "Shared Written Blocks": 0,
                                    "Local Hit Blocks": 0,
                                    "Local Read Blocks": 0,
                                    "Local Dirtied Blocks": 0,
                                    "Local Written Blocks": 0,
                                    "Temp Read Blocks": 0,
                                    "Temp Written Blocks": 0,
                                    "WAL Records": 0,
                                    "WAL FPI": 0,
                                    "WAL Bytes": 0,
                                    "Workers": []
                                }
                            ]
                        },
                        {
                            "Node Type": "Sort",
                            "Parent Relationship": "Inner",
                            "Parallel Aware": false,
                            "Async Capable": false,
                            "Startup Cost": 41848,
                            "Total Cost": 41859.81,
                            "Plan Rows": 4724,
                            "Plan Width": 250,
                            "Actual Startup Time": 337.116,
                            "Actual Total Time": 368.835,
                            "Actual Rows": 158755,
                            "Actual Loops": 1,
                            "Sort Key": [
                                "partsupp.ps_partkey"
                            ],
                            "Sort Method": "external sort",
                            "Sort Space Used": 29728,
                            "Sort Space Type": "Disk",
                            "Shared Hit Blocks": 11292,
                            "Shared Read Blocks": 24655,
                            "Shared Dirtied Blocks": 0,
                            "Shared Written Blocks": 0,
                            "Local Hit Blocks": 0,
                            "Local Read Blocks": 0,
                            "Local Dirtied Blocks": 0,
                            "Local Written Blocks": 0,
                            "Temp Read Blocks": 7426,
                            "Temp Written Blocks": 7439,
                            "WAL Records": 0,
                            "WAL FPI": 0,
                            "WAL Bytes": 0,
                            "Plans": [
                                {
                                    "Node Type": "Gather",
                                    "Parent Relationship": "Outer",
                                    "Parallel Aware": false,
                                    "Async Capable": false,
                                    "Startup Cost": 1386.13,
                                    "Total Cost": 41559.7,
                                    "Plan Rows": 4724,
                                    "Plan Width": 250,
                                    "Actual Startup Time": 34.586,
                                    "Actual Total Time": 149.825,
                                    "Actual Rows": 158960,
                                    "Actual Loops": 1,
                                    "Workers Planned": 2,
                                    "Workers Launched": 2,
                                    "Single Copy": false,
                                    "Shared Hit Blocks": 11292,
                                    "Shared Read Blocks": 24655,
                                    "Shared Dirtied Blocks": 0,
                                    "Shared Written Blocks": 0,
                                    "Local Hit Blocks": 0,
                                    "Local Read Blocks": 0,
                                    "Local Dirtied Blocks": 0,
                                    "Local Written Blocks": 0,
                                    "Temp Read Blocks": 0,
                                    "Temp Written Blocks": 0,
                                    "WAL Records": 0,
                                    "WAL FPI": 0,
                                    "WAL Bytes": 0,
                                    "Plans": [
                                        {
                                            "Node Type": "Hash Join",
                                            "Parent Relationship": "Outer",
                                            "Parallel Aware": false,
                                            "Async Capable": false,
                                            "Join Type": "Inner",
                                            "Startup Cost": 386.13,
                                            "Total Cost": 40087.3,
                                            "Plan Rows": 1968,
                                            "Plan Width": 250,
                                            "Actual Startup Time": 30.238,
                                            "Actual Total Time": 149.789,
                                            "Actual Rows": 52987,
                                            "Actual Loops": 3,
                                            "Inner Unique": false,
                                            "Hash Cond": "(partsupp.ps_suppkey = supplier.s_suppkey)",
                                            "Shared Hit Blocks": 11292,
                                            "Shared Read Blocks": 24655,
                                            "Shared Dirtied Blocks": 0,
                                            "Shared Written Blocks": 0,
                                            "Local Hit Blocks": 0,
                                            "Local Read Blocks": 0,
                                            "Local Dirtied Blocks": 0,
                                            "Local Written Blocks": 0,
                                            "Temp Read Blocks": 0,
                                            "Temp Written Blocks": 0,
                                            "WAL Records": 0,
                                            "WAL FPI": 0,
                                            "WAL Bytes": 0,
                                            "Workers": [],
                                            "Plans": [
                                                {
                                                    "Node Type": "Seq Scan",
                                                    "Parent Relationship": "Outer",
                                                    "Parallel Aware": true,
                                                    "Async Capable": false,
                                                    "Relation Name": "partsupp",
                                                    "Alias": "partsupp",
                                                    "Startup Cost": 0,
                                                    "Total Cost": 38426.52,
                                                    "Plan Rows": 334652,
                                                    "Plan Width": 14,
                                                    "Actual Startup Time": 25.24,
                                                    "Actual Total Time": 87.818,
                                                    "Actual Rows": 266667,
                                                    "Actual Loops": 3,
                                                    "Shared Hit Blocks": 10425,
                                                    "Shared Read Blocks": 24655,
                                                    "Shared Dirtied Blocks": 0,
                                                    "Shared Written Blocks": 0,
                                                    "Local Hit Blocks": 0,
                                                    "Local Read Blocks": 0,
                                                    "Local Dirtied Blocks": 0,
                                                    "Local Written Blocks": 0,
                                                    "Temp Read Blocks": 0,
                                                    "Temp Written Blocks": 0,
                                                    "WAL Records": 0,
                                                    "WAL FPI": 0,
                                                    "WAL Bytes": 0,
                                                    "Workers": []
                                                },
                                                {
                                                    "Node Type": "Hash",
                                                    "Parent Relationship": "Inner",
                                                    "Parallel Aware": false,
                                                    "Async Capable": false,
                                                    "Startup Cost": 385.4,
                                                    "Total Cost": 385.4,
                                                    "Plan Rows": 59,
                                                    "Plan Width": 244,
                                                    "Actual Startup Time": 4.656,
                                                    "Actual Total Time": 4.66,
                                                    "Actual Rows": 1987,
                                                    "Actual Loops": 3,
                                                    "Hash Buckets": 2048,
                                                    "Original Hash Buckets": 1024,
                                                    "Hash Batches": 1,
                                                    "Original Hash Batches": 1,
                                                    "Peak Memory Usage": 409,
                                                    "Shared Hit Blocks": 675,
                                                    "Shared Read Blocks": 0,
                                                    "Shared Dirtied Blocks": 0,
                                                    "Shared Written Blocks": 0,
                                                    "Local Hit Blocks": 0,
                                                    "Local Read Blocks": 0,
                                                    "Local Dirtied Blocks": 0,
                                                    "Local Written Blocks": 0,
                                                    "Temp Read Blocks": 0,
                                                    "Temp Written Blocks": 0,
                                                    "WAL Records": 0,
                                                    "WAL FPI": 0,
                                                    "WAL Bytes": 0,
                                                    "Workers": [],
                                                    "Plans": [
                                                        {
                                                            "Node Type": "Hash Join",
                                                            "Parent Relationship": "Outer",
                                                            "Parallel Aware": false,
                                                            "Async Capable": false,
                                                            "Join Type": "Inner",
                                                            "Startup Cost": 24.31,
                                                            "Total Cost": 385.4,
                                                            "Plan Rows": 59,
                                                            "Plan Width": 244,
                                                            "Actual Startup Time": 0.164,
                                                            "Actual Total Time": 3.748,
                                                            "Actual Rows": 1987,
                                                            "Actual Loops": 3,
                                                            "Inner Unique": false,
                                                            "Hash Cond": "(supplier.s_nationkey = nation.n_nationkey)",
                                                            "Shared Hit Blocks": 675,
                                                            "Shared Read Blocks": 0,
                                                            "Shared Dirtied Blocks": 0,
                                                            "Shared Written Blocks": 0,
                                                            "Local Hit Blocks": 0,
                                                            "Local Read Blocks": 0,
                                                            "Local Dirtied Blocks": 0,
                                                            "Local Written Blocks": 0,
                                                            "Temp Read Blocks": 0,
                                                            "Temp Written Blocks": 0,
                                                            "WAL Records": 0,
                                                            "WAL FPI": 0,
                                                            "WAL Bytes": 0,
                                                            "Workers": [],
                                                            "Plans": [
                                                                {
                                                                    "Node Type": "Seq Scan",
                                                                    "Parent Relationship": "Outer",
                                                                    "Parallel Aware": false,
                                                                    "Async Capable": false,
                                                                    "Relation Name": "supplier",
                                                                    "Alias": "supplier",
                                                                    "Startup Cost": 0,
                                                                    "Total Cost": 323,
                                                                    "Plan Rows": 10000,
                                                                    "Plan Width": 144,
                                                                    "Actual Startup Time": 0.045,
                                                                    "Actual Total Time": 1.571,
                                                                    "Actual Rows": 10000,
                                                                    "Actual Loops": 3,
                                                                    "Shared Hit Blocks": 669,
                                                                    "Shared Read Blocks": 0,
                                                                    "Shared Dirtied Blocks": 0,
                                                                    "Shared Written Blocks": 0,
                                                                    "Local Hit Blocks": 0,
                                                                    "Local Read Blocks": 0,
                                                                    "Local Dirtied Blocks": 0,
                                                                    "Local Written Blocks": 0,
                                                                    "Temp Read Blocks": 0,
                                                                    "Temp Written Blocks": 0,
                                                                    "WAL Records": 0,
                                                                    "WAL FPI": 0,
                                                                    "WAL Bytes": 0,
                                                                    "Workers": []
                                                                },
                                                                {
                                                                    "Node Type": "Hash",
                                                                    "Parent Relationship": "Inner",
                                                                    "Parallel Aware": false,
                                                                    "Async Capable": false,
                                                                    "Startup Cost": 24.29,
                                                                    "Total Cost": 24.29,
                                                                    "Plan Rows": 1,
                                                                    "Plan Width": 108,
                                                                    "Actual Startup Time": 0.086,
                                                                    "Actual Total Time": 0.089,
                                                                    "Actual Rows": 5,
                                                                    "Actual Loops": 3,
                                                                    "Hash Buckets": 1024,
                                                                    "Original Hash Buckets": 1024,
                                                                    "Hash Batches": 1,
                                                                    "Original Hash Batches": 1,
                                                                    "Peak Memory Usage": 9,
                                                                    "Shared Hit Blocks": 6,
                                                                    "Shared Read Blocks": 0,
                                                                    "Shared Dirtied Blocks": 0,
                                                                    "Shared Written Blocks": 0,
                                                                    "Local Hit Blocks": 0,
                                                                    "Local Read Blocks": 0,
                                                                    "Local Dirtied Blocks": 0,
                                                                    "Local Written Blocks": 0,
                                                                    "Temp Read Blocks": 0,
                                                                    "Temp Written Blocks": 0,
                                                                    "WAL Records": 0,
                                                                    "WAL FPI": 0,
                                                                    "WAL Bytes": 0,
                                                                    "Workers": [],
                                                                    "Plans": [
                                                                        {
                                                                            "Node Type": "Hash Join",
                                                                            "Parent Relationship": "Outer",
                                                                            "Parallel Aware": false,
                                                                            "Async Capable": false,
                                                                            "Join Type": "Inner",
                                                                            "Startup Cost": 12.14,
                                                                            "Total Cost": 24.29,
                                                                            "Plan Rows": 1,
                                                                            "Plan Width": 108,
                                                                            "Actual Startup Time": 0.076,
                                                                            "Actual Total Time": 0.081,
                                                                            "Actual Rows": 5,
                                                                            "Actual Loops": 3,
                                                                            "Inner Unique": true,
                                                                            "Hash Cond": "(nation.n_regionkey = region.r_regionkey)",
                                                                            "Shared Hit Blocks": 6,
                                                                            "Shared Read Blocks": 0,
                                                                            "Shared Dirtied Blocks": 0,
                                                                            "Shared Written Blocks": 0,
                                                                            "Local Hit Blocks": 0,
                                                                            "Local Read Blocks": 0,
                                                                            "Local Dirtied Blocks": 0,
                                                                            "Local Written Blocks": 0,
                                                                            "Temp Read Blocks": 0,
                                                                            "Temp Written Blocks": 0,
                                                                            "WAL Records": 0,
                                                                            "WAL FPI": 0,
                                                                            "WAL Bytes": 0,
                                                                            "Workers": [],
                                                                            "Plans": [
                                                                                {
                                                                                    "Node Type": "Seq Scan",
                                                                                    "Parent Relationship": "Outer",
                                                                                    "Parallel Aware": false,
                                                                                    "Async Capable": false,
                                                                                    "Relation Name": "nation",
                                                                                    "Alias": "nation",
                                                                                    "Startup Cost": 0,
                                                                                    "Total Cost": 11.7,
                                                                                    "Plan Rows": 170,
                                                                                    "Plan Width": 112,
                                                                                    "Actual Startup Time": 0.022,
                                                                                    "Actual Total Time": 0.024,
                                                                                    "Actual Rows": 25,
                                                                                    "Actual Loops": 3,
                                                                                    "Shared Hit Blocks": 3,
                                                                                    "Shared Read Blocks": 0,
                                                                                    "Shared Dirtied Blocks": 0,
                                                                                    "Shared Written Blocks": 0,
                                                                                    "Local Hit Blocks": 0,
                                                                                    "Local Read Blocks": 0,
                                                                                    "Local Dirtied Blocks": 0,
                                                                                    "Local Written Blocks": 0,
                                                                                    "Temp Read Blocks": 0,
                                                                                    "Temp Written Blocks": 0,
                                                                                    "WAL Records": 0,
                                                                                    "WAL FPI": 0,
                                                                                    "WAL Bytes": 0,
                                                                                    "Workers": []
                                                                                },
                                                                                {
                                                                                    "Node Type": "Hash",
                                                                                    "Parent Relationship": "Inner",
                                                                                    "Parallel Aware": false,
                                                                                    "Async Capable": false,
                                                                                    "Startup Cost": 12.12,
                                                                                    "Total Cost": 12.12,
                                                                                    "Plan Rows": 1,
                                                                                    "Plan Width": 4,
                                                                                    "Actual Startup Time": 0.036,
                                                                                    "Actual Total Time": 0.037,
                                                                                    "Actual Rows": 1,
                                                                                    "Actual Loops": 3,
                                                                                    "Hash Buckets": 1024,
                                                                                    "Original Hash Buckets": 1024,
                                                                                    "Hash Batches": 1,
                                                                                    "Original Hash Batches": 1,
                                                                                    "Peak Memory Usage": 9,
                                                                                    "Shared Hit Blocks": 3,
                                                                                    "Shared Read Blocks": 0,
                                                                                    "Shared Dirtied Blocks": 0,
                                                                                    "Shared Written Blocks": 0,
                                                                                    "Local Hit Blocks": 0,
                                                                                    "Local Read Blocks": 0,
                                                                                    "Local Dirtied Blocks": 0,
                                                                                    "Local Written Blocks": 0,
                                                                                    "Temp Read Blocks": 0,
                                                                                    "Temp Written Blocks": 0,
                                                                                    "WAL Records": 0,
                                                                                    "WAL FPI": 0,
                                                                                    "WAL Bytes": 0,
                                                                                    "Workers": [],
                                                                                    "Plans": [
                                                                                        {
                                                                                            "Node Type": "Seq Scan",
                                                                                            "Parent Relationship": "Outer",
                                                                                            "Parallel Aware": false,
                                                                                            "Async Capable": false,
                                                                                            "Relation Name": "region",
                                                                                            "Alias": "region",
                                                                                            "Startup Cost": 0,
                                                                                            "Total Cost": 12.12,
                                                                                            "Plan Rows": 1,
                                                                                            "Plan Width": 4,
                                                                                            "Actual Startup Time": 0.023,
                                                                                            "Actual Total Time": 0.024,
                                                                                            "Actual Rows": 1,
                                                                                            "Actual Loops": 3,
                                                                                            "Filter": "(r_name = 'EUROPE'::bpchar)",
                                                                                            "Rows Removed by Filter": 4,
                                                                                            "Shared Hit Blocks": 3,
                                                                                            "Shared Read Blocks": 0,
                                                                                            "Shared Dirtied Blocks": 0,
                                                                                            "Shared Written Blocks": 0,
                                                                                            "Local Hit Blocks": 0,
                                                                                            "Local Read Blocks": 0,
                                                                                            "Local Dirtied Blocks": 0,
                                                                                            "Local Written Blocks": 0,
                                                                                            "Temp Read Blocks": 0,
                                                                                            "Temp Written Blocks": 0,
                                                                                            "WAL Records": 0,
                                                                                            "WAL FPI": 0,
                                                                                            "WAL Bytes": 0,
                                                                                            "Workers": []
                                                                                        }
                                                                                    ]
                                                                                }
                                                                            ]
                                                                        }
                                                                    ]
                                                                }
                                                            ]
                                                        }
                                                    ]
                                                }
                                            ]
                                        }
                                    ]
                                }
                            ]
                        },
                        {
                            "Node Type": "Aggregate",
                            "Strategy": "Plain",
                            "Partial Mode": "Simple",
                            "Parent Relationship": "SubPlan",
                            "Subplan Name": "SubPlan 1",
                            "Parallel Aware": false,
                            "Async Capable": false,
                            "Startup Cost": 49.51,
                            "Total Cost": 49.52,
                            "Plan Rows": 1,
                            "Plan Width": 32,
                            "Actual Startup Time": 0.128,
                            "Actual Total Time": 0.128,
                            "Actual Rows": 1,
                            "Actual Loops": 642,
                            "Shared Hit Blocks": 15091,
                            "Shared Read Blocks": 395,
                            "Shared Dirtied Blocks": 0,
                            "Shared Written Blocks": 0,
                            "Local Hit Blocks": 0,
                            "Local Read Blocks": 0,
                            "Local Dirtied Blocks": 0,
                            "Local Written Blocks": 0,
                            "Temp Read Blocks": 0,
                            "Temp Written Blocks": 0,
                            "WAL Records": 0,
                            "WAL FPI": 0,
                            "WAL Bytes": 0,
                            "Plans": [
                                {
                                    "Node Type": "Nested Loop",
                                    "Parent Relationship": "Outer",
                                    "Parallel Aware": false,
                                    "Async Capable": false,
                                    "Join Type": "Inner",
                                    "Startup Cost": 1.01,
                                    "Total Cost": 49.51,
                                    "Plan Rows": 1,
                                    "Plan Width": 6,
                                    "Actual Startup Time": 0.119,
                                    "Actual Total Time": 0.127,
                                    "Actual Rows": 2,
                                    "Actual Loops": 642,
                                    "Inner Unique": true,
                                    "Shared Hit Blocks": 15091,
                                    "Shared Read Blocks": 395,
                                    "Shared Dirtied Blocks": 0,
                                    "Shared Written Blocks": 0,
                                    "Local Hit Blocks": 0,
                                    "Local Read Blocks": 0,
                                    "Local Dirtied Blocks": 0,
                                    "Local Written Blocks": 0,
                                    "Temp Read Blocks": 0,
                                    "Temp Written Blocks": 0,
                                    "WAL Records": 0,
                                    "WAL FPI": 0,
                                    "WAL Bytes": 0,
                                    "Plans": [
                                        {
                                            "Node Type": "Nested Loop",
                                            "Parent Relationship": "Outer",
                                            "Parallel Aware": false,
                                            "Async Capable": false,
                                            "Join Type": "Inner",
                                            "Startup Cost": 0.85,
                                            "Total Cost": 47.63,
                                            "Plan Rows": 4,
                                            "Plan Width": 10,
                                            "Actual Startup Time": 0.114,
                                            "Actual Total Time": 0.124,
                                            "Actual Rows": 4,
                                            "Actual Loops": 642,
                                            "Inner Unique": true,
                                            "Shared Hit Blocks": 15081,
                                            "Shared Read Blocks": 395,
                                            "Shared Dirtied Blocks": 0,
                                            "Shared Written Blocks": 0,
                                            "Local Hit Blocks": 0,
                                            "Local Read Blocks": 0,
                                            "Local Dirtied Blocks": 0,
                                            "Local Written Blocks": 0,
                                            "Temp Read Blocks": 0,
                                            "Temp Written Blocks": 0,
                                            "WAL Records": 0,
                                            "WAL FPI": 0,
                                            "WAL Bytes": 0,
                                            "Plans": [
                                                {
                                                    "Node Type": "Nested Loop",
                                                    "Parent Relationship": "Outer",
                                                    "Parallel Aware": false,
                                                    "Async Capable": false,
                                                    "Join Type": "Inner",
                                                    "Startup Cost": 0.71,
                                                    "Total Cost": 46.96,
                                                    "Plan Rows": 4,
                                                    "Plan Width": 10,
                                                    "Actual Startup Time": 0.113,
                                                    "Actual Total Time": 0.12,
                                                    "Actual Rows": 4,
                                                    "Actual Loops": 642,
                                                    "Inner Unique": true,
                                                    "Shared Hit Blocks": 9945,
                                                    "Shared Read Blocks": 395,
                                                    "Shared Dirtied Blocks": 0,
                                                    "Shared Written Blocks": 0,
                                                    "Local Hit Blocks": 0,
                                                    "Local Read Blocks": 0,
                                                    "Local Dirtied Blocks": 0,
                                                    "Local Written Blocks": 0,
                                                    "Temp Read Blocks": 0,
                                                    "Temp Written Blocks": 0,
                                                    "WAL Records": 0,
                                                    "WAL FPI": 0,
                                                    "WAL Bytes": 0,
                                                    "Plans": [
                                                        {
                                                            "Node Type": "Index Scan",
                                                            "Parent Relationship": "Outer",
                                                            "Parallel Aware": false,
                                                            "Async Capable": false,
                                                            "Scan Direction": "Forward",
                                                            "Index Name": "partsupp_pkey",
                                                            "Relation Name": "partsupp",
                                                            "Alias": "partsupp_1",
                                                            "Startup Cost": 0.42,
                                                            "Total Cost": 13.75,
                                                            "Plan Rows": 4,
                                                            "Plan Width": 10,
                                                            "Actual Startup Time": 0.109,
                                                            "Actual Total Time": 0.111,
                                                            "Actual Rows": 4,
                                                            "Actual Loops": 642,
                                                            "Index Cond": "(ps_partkey = part.p_partkey)",
                                                            "Rows Removed by Index Recheck": 0,
                                                            "Shared Hit Blocks": 2241,
                                                            "Shared Read Blocks": 395,
                                                            "Shared Dirtied Blocks": 0,
                                                            "Shared Written Blocks": 0,
                                                            "Local Hit Blocks": 0,
                                                            "Local Read Blocks": 0,
                                                            "Local Dirtied Blocks": 0,
                                                            "Local Written Blocks": 0,
                                                            "Temp Read Blocks": 0,
                                                            "Temp Written Blocks": 0,
                                                            "WAL Records": 0,
                                                            "WAL FPI": 0,
                                                            "WAL Bytes": 0
                                                        },
                                                        {
                                                            "Node Type": "Index Scan",
                                                            "Parent Relationship": "Inner",
                                                            "Parallel Aware": false,
                                                            "Async Capable": false,
                                                            "Scan Direction": "Forward",
                                                            "Index Name": "supplier_pkey",
                                                            "Relation Name": "supplier",
                                                            "Alias": "supplier_1",
                                                            "Startup Cost": 0.29,
                                                            "Total Cost": 8.3,
                                                            "Plan Rows": 1,
                                                            "Plan Width": 8,
                                                            "Actual Startup Time": 0.002,
                                                            "Actual Total Time": 0.002,
                                                            "Actual Rows": 1,
                                                            "Actual Loops": 2568,
                                                            "Index Cond": "(s_suppkey = partsupp_1.ps_suppkey)",
                                                            "Rows Removed by Index Recheck": 0,
                                                            "Shared Hit Blocks": 7704,
                                                            "Shared Read Blocks": 0,
                                                            "Shared Dirtied Blocks": 0,
                                                            "Shared Written Blocks": 0,
                                                            "Local Hit Blocks": 0,
                                                            "Local Read Blocks": 0,
                                                            "Local Dirtied Blocks": 0,
                                                            "Local Written Blocks": 0,
                                                            "Temp Read Blocks": 0,
                                                            "Temp Written Blocks": 0,
                                                            "WAL Records": 0,
                                                            "WAL FPI": 0,
                                                            "WAL Bytes": 0
                                                        }
                                                    ]
                                                },
                                                {
                                                    "Node Type": "Index Scan",
                                                    "Parent Relationship": "Inner",
                                                    "Parallel Aware": false,
                                                    "Async Capable": false,
                                                    "Scan Direction": "Forward",
                                                    "Index Name": "nation_pkey",
                                                    "Relation Name": "nation",
                                                    "Alias": "nation_1",
                                                    "Startup Cost": 0.14,
                                                    "Total Cost": 0.17,
                                                    "Plan Rows": 1,
                                                    "Plan Width": 8,
                                                    "Actual Startup Time": 0.001,
                                                    "Actual Total Time": 0.001,
                                                    "Actual Rows": 1,
                                                    "Actual Loops": 2568,
                                                    "Index Cond": "(n_nationkey = supplier_1.s_nationkey)",
                                                    "Rows Removed by Index Recheck": 0,
                                                    "Shared Hit Blocks": 5136,
                                                    "Shared Read Blocks": 0,
                                                    "Shared Dirtied Blocks": 0,
                                                    "Shared Written Blocks": 0,
                                                    "Local Hit Blocks": 0,
                                                    "Local Read Blocks": 0,
                                                    "Local Dirtied Blocks": 0,
                                                    "Local Written Blocks": 0,
                                                    "Temp Read Blocks": 0,
                                                    "Temp Written Blocks": 0,
                                                    "WAL Records": 0,
                                                    "WAL FPI": 0,
                                                    "WAL Bytes": 0
                                                }
                                            ]
                                        },
                                        {
                                            "Node Type": "Memoize",
                                            "Parent Relationship": "Inner",
                                            "Parallel Aware": false,
                                            "Async Capable": false,
                                            "Startup Cost": 0.15,
                                            "Total Cost": 0.46,
                                            "Plan Rows": 1,
                                            "Plan Width": 4,
                                            "Actual Startup Time": 0,
                                            "Actual Total Time": 0,
                                            "Actual Rows": 0,
                                            "Actual Loops": 2568,
                                            "Cache Key": "nation_1.n_regionkey",
                                            "Cache Mode": "logical",
                                            "Cache Hits": 2563,
                                            "Cache Misses": 5,
                                            "Cache Evictions": 0,
                                            "Cache Overflows": 0,
                                            "Peak Memory Usage": 1,
                                            "Shared Hit Blocks": 10,
                                            "Shared Read Blocks": 0,
                                            "Shared Dirtied Blocks": 0,
                                            "Shared Written Blocks": 0,
                                            "Local Hit Blocks": 0,
                                            "Local Read Blocks": 0,
                                            "Local Dirtied Blocks": 0,
                                            "Local Written Blocks": 0,
                                            "Temp Read Blocks": 0,
                                            "Temp Written Blocks": 0,
                                            "WAL Records": 0,
                                            "WAL FPI": 0,
                                            "WAL Bytes": 0,
                                            "Plans": [
                                                {
                                                    "Node Type": "Index Scan",
                                                    "Parent Relationship": "Outer",
                                                    "Parallel Aware": false,
                                                    "Async Capable": false,
                                                    "Scan Direction": "Forward",
                                                    "Index Name": "region_pkey",
                                                    "Relation Name": "region",
                                                    "Alias": "region_1",
                                                    "Startup Cost": 0.14,
                                                    "Total Cost": 0.45,
                                                    "Plan Rows": 1,
                                                    "Plan Width": 4,
                                                    "Actual Startup Time": 0.003,
                                                    "Actual Total Time": 0.003,
                                                    "Actual Rows": 0,
                                                    "Actual Loops": 5,
                                                    "Index Cond": "(r_regionkey = nation_1.n_regionkey)",
                                                    "Rows Removed by Index Recheck": 0,
                                                    "Filter": "(r_name = 'EUROPE'::bpchar)",
                                                    "Rows Removed by Filter": 1,
                                                    "Shared Hit Blocks": 10,
                                                    "Shared Read Blocks": 0,
                                                    "Shared Dirtied Blocks": 0,
                                                    "Shared Written Blocks": 0,
                                                    "Local Hit Blocks": 0,
                                                    "Local Read Blocks": 0,
                                                    "Local Dirtied Blocks": 0,
                                                    "Local Written Blocks": 0,
                                                    "Temp Read Blocks": 0,
                                                    "Temp Written Blocks": 0,
                                                    "WAL Records": 0,
                                                    "WAL FPI": 0,
                                                    "WAL Bytes": 0
                                                }
                                            ]
                                        }
                                    ]
                                }
                            ]
                        }
                    ]
                }
            ]
        },
        "Settings": {},
        "Planning": {
            "Shared Hit Blocks": 292,
            "Shared Read Blocks": 19,
            "Shared Dirtied Blocks": 0,
            "Shared Written Blocks": 0,
            "Local Hit Blocks": 0,
            "Local Read Blocks": 0,
            "Local Dirtied Blocks": 0,
            "Local Written Blocks": 0,
            "Temp Read Blocks": 0,
            "Temp Written Blocks": 0
        },
        "Planning Time": 11.343,
        "Triggers": [],
        "Execution Time": 724.134
    }
]